<?xml version="1.0" encoding="UTF-8"?>
<!-- Generated by org.testng.reporters.JUnitReportReporter -->
<testsuite hostname="DESKTOP-U7LEM7P" failures="0" tests="2" name="com.qa.pw.test.launchChromiumFirefox" time="103.841" errors="0" timestamp="2024-10-20T23:27:08 IST" skipped="0">
  <testcase classname="com.qa.pw.test.launchChromiumFirefox" name="launch" time="88.792"/>
  <system-out/>
  <testcase classname="com.qa.pw.test.launchChromiumFirefox" name="launchActualBrowser" time="15.049"/>
  <system-out/>
</testsuite> <!-- com.qa.pw.test.launchChromiumFirefox -->
